<?xml version="1.0" encoding="UTF-8"?>
<!-- Generated by org.testng.reporters.JUnitReportReporter -->
<testsuite skipped="0" hostname="DESKTOP-N308L1J" name="vairousConcepts.LoginTest" tests="1" failures="0" timestamp="08 Oct 2022 18:55:02 GMT" time="73.204" errors="0">
  <testcase name="addCustomer" time="73.204" classname="vairousConcepts.LoginTest"/>
</testsuite> <!-- vairousConcepts.LoginTest -->
